Arguments: 
  C:\Program Files\nodejs\node.exe C:\Users\92347\AppData\Roaming\npm\node_modules\yarn\bin\yarn.js install

PATH: 
  C:\Program Files (x86)\Common Files\Oracle\Java\javapath;C:\Windows\system32;C:\Windows;C:\Windows\System32\Wbem;C:\Windows\System32\WindowsPowerShell\v1.0\;C:\Windows\System32\OpenSSH\;C:\Program Files\nodejs\;C:\Users\92347\AppData\Local\Microsoft\WindowsApps;C:\Users\92347\AppData\Local\Android\Sdk\platform-tools;C:\Users\92347\AppData\Local\Android\Sdk\tools;C:\Users\92347\AppData\Local\Android\Sdk\tools\bin;C:\Users\92347\AppData\Local\Android\Sdk\emulator;;C:\Users\92347\AppData\Local\Programs\Microsoft VS Code\bin;C:\Users\92347\AppData\Roaming\npm

Yarn version: 
  1.22.4

Node version: 
  12.18.1

Platform: 
  win32 x64

Trace: 
  Error: connect EHOSTUNREACH 104.16.26.35:443
      at TCPConnectWrap.afterConnect [as oncomplete] (net.js:1141:16)

npm manifest: 
  {
    "name": "ooaa-server",
    "version": "1.0.0",
    "description": "",
    "main": "index.js",
    "dependencies": {
      "axios": "^0.19.2",
      "bcrypt": "^3.0.6",
      "body-parser": "^1.19.0",
      "cors": "^2.8.5",
      "express": "^4.17.1",
      "fs": "^0.0.1-security",
      "gridfs-stream": "^1.1.1",
      "mongoose": "^5.7.1",
      "morgan": "^1.9.1",
      "multer": "^1.4.2",
      "multer-gridfs-storage": "^3.3.0",
      "nodemailer": "^6.3.1",
      "nodemon": "^2.0.2",
      "square-connect": "^3.20200528.0",
      "validator": "^11.1.0"
    },
    "scripts": {
      "test": "echo \"Error: no test specified\" && exit 1",
      "start": "nodemon server"
    },
    "author": "",
    "license": "ISC"
  }

yarn manifest: 
  No manifest

Lockfile: 
  No lockfile
